<?xml version="1.0" encoding="UTF-8"?>
<testsuite xmlns:xsi="http://www.w3.org/2001/XMLSchema-instance" xsi:noNamespaceSchemaLocation="https://maven.apache.org/surefire/maven-surefire-plugin/xsd/surefire-test-report-3.0.xsd" version="3.0" name="test.java.com.Teste" time="0.027" tests="0" errors="0" skipped="0" failures="0">
  <properties>
    <property name="java.specification.version" value="21"/>
    <property name="sun.cpu.isalist" value="amd64"/>
    <property name="sun.jnu.encoding" value="Cp1252"/>
    <property name="java.class.path" value="C:\Users\PC\Desktop\FIAP\atvTioPatinhas Sprint-2\Sprint 2 - Backend Java\PatinhasCompany\target\test-classes;C:\Users\PC\Desktop\FIAP\atvTioPatinhas Sprint-2\Sprint 2 - Backend Java\PatinhasCompany\target\classes;C:\Users\PC\.m2\repository\junit\junit\3.8.1\junit-3.8.1.jar;C:\Users\PC\.m2\repository\com\oracle\database\jdbc\ojdbc8\23.2.0.0\ojdbc8-23.2.0.0.jar;"/>
    <property name="java.vm.vendor" value="Eclipse Adoptium"/>
    <property name="sun.arch.data.model" value="64"/>
    <property name="user.variant" value=""/>
    <property name="java.vendor.url" value="https://adoptium.net/"/>
    <property name="user.timezone" value="America/Sao_Paulo"/>
    <property name="os.name" value="Windows 10"/>
    <property name="java.vm.specification.version" value="21"/>
    <property name="sun.java.launcher" value="SUN_STANDARD"/>
    <property name="user.country" value="BR"/>
    <property name="sun.boot.library.path" value="C:\Users\PC\.jdks\temurin-21.0.4\bin"/>
    <property name="sun.java.command" value="C:\Users\PC\AppData\Local\Temp\surefire4776796435802727668\surefirebooter-20241003175007549_3.jar C:\Users\PC\AppData\Local\Temp\surefire4776796435802727668 2024-10-03T17-50-06_182-jvmRun1 surefire-20241003175007549_1tmp surefire_0-20241003175007549_2tmp"/>
    <property name="jdk.debug" value="release"/>
    <property name="surefire.test.class.path" value="C:\Users\PC\Desktop\FIAP\atvTioPatinhas Sprint-2\Sprint 2 - Backend Java\PatinhasCompany\target\test-classes;C:\Users\PC\Desktop\FIAP\atvTioPatinhas Sprint-2\Sprint 2 - Backend Java\PatinhasCompany\target\classes;C:\Users\PC\.m2\repository\junit\junit\3.8.1\junit-3.8.1.jar;C:\Users\PC\.m2\repository\com\oracle\database\jdbc\ojdbc8\23.2.0.0\ojdbc8-23.2.0.0.jar;"/>
    <property name="sun.cpu.endian" value="little"/>
    <property name="user.home" value="C:\Users\PC"/>
    <property name="user.language" value="pt"/>
    <property name="java.specification.vendor" value="Oracle Corporation"/>
    <property name="java.version.date" value="2024-07-16"/>
    <property name="java.home" value="C:\Users\PC\.jdks\temurin-21.0.4"/>
    <property name="file.separator" value="\"/>
    <property name="basedir" value="C:\Users\PC\Desktop\FIAP\atvTioPatinhas Sprint-2\Sprint 2 - Backend Java\PatinhasCompany"/>
    <property name="java.vm.compressedOopsMode" value="Zero based"/>
    <property name="line.separator" value="&#10;"/>
    <property name="java.vm.specification.vendor" value="Oracle Corporation"/>
    <property name="java.specification.name" value="Java Platform API Specification"/>
    <property name="surefire.real.class.path" value="C:\Users\PC\AppData\Local\Temp\surefire4776796435802727668\surefirebooter-20241003175007549_3.jar"/>
    <property name="user.script" value=""/>
    <property name="sun.management.compiler" value="HotSpot 64-Bit Tiered Compilers"/>
    <property name="java.runtime.version" value="21.0.4+7-LTS"/>
    <property name="user.name" value="PC"/>
    <property name="stdout.encoding" value="Cp1252"/>
    <property name="path.separator" value=";"/>
    <property name="os.version" value="10.0"/>
    <property name="java.runtime.name" value="OpenJDK Runtime Environment"/>
    <property name="file.encoding" value="UTF-8"/>
    <property name="java.vm.name" value="OpenJDK 64-Bit Server VM"/>
    <property name="java.vendor.version" value="Temurin-21.0.4+7"/>
    <property name="localRepository" value="C:\Users\PC\.m2\repository"/>
    <property name="java.vendor.url.bug" value="https://github.com/adoptium/adoptium-support/issues"/>
    <property name="java.io.tmpdir" value="C:\Users\PC\AppData\Local\Temp\"/>
    <property name="idea.version" value="2023.3.4"/>
    <property name="java.version" value="21.0.4"/>
    <property name="user.dir" value="C:\Users\PC\Desktop\FIAP\atvTioPatinhas Sprint-2\Sprint 2 - Backend Java\PatinhasCompany"/>
    <property name="os.arch" value="amd64"/>
    <property name="java.vm.specification.name" value="Java Virtual Machine Specification"/>
    <property name="sun.os.patch.level" value=""/>
    <property name="native.encoding" value="Cp1252"/>
    <property name="java.library.path" value="C:\Users\PC\.jdks\temurin-21.0.4\bin;C:\Windows\Sun\Java\bin;C:\Windows\system32;C:\Windows;C:\Program Files\Common Files\Oracle\Java\javapath;C:\Program Files (x86)\Common Files\Oracle\Java\java8path;C:\Program Files (x86)\Common Files\Oracle\Java\javapath;C:\Windows\system32;C:\Windows;C:\Windows\System32\Wbem;C:\Windows\System32\WindowsPowerShell\v1.0\;C:\Windows\System32\OpenSSH\;C:\Program Files\dotnet\;C:\Program Files\Git\cmd;C:\Program Files\nodejs\;C:\Program Files (x86)\Windows Kits\10\Windows Performance Toolkit\;C:\Program Files\Cloudflare\Cloudflare WARP\;C:\Users\PC\.foundry\bin;;C:\Program Files\Docker\Docker\resources\bin;C:\Program Files (x86)\Microsoft SQL Server\160\DTS\Binn\;C:\Program Files (x86)\Microsoft SQL Server\160\Tools\Binn\;C:\Program Files\Microsoft SQL Server\160\Tools\Binn\;C:\Program Files\Microsoft SQL Server\Client SDK\ODBC\170\Tools\Binn\;C:\Program Files\Microsoft SQL Server\160\DTS\Binn\;C:\Users\PC\AppData\Local\Programs\Python\Python39\Scripts\;C:\Users\PC\AppData\Local\Programs\Python\Python39\;C:\Users\PC\AppData\Local\Programs\Python\Launcher\;C:\Users\PC\AppData\Local\Microsoft\WindowsApps;;C:\Users\PC\AppData\Local\Programs\Microsoft VS Code\bin;C:\Users\PC\.dotnet\tools;C:\Users\PC\AppData\Roaming\npm;C:\Program Files\JetBrains\PyCharm 2023.3.2\bin;;C:\Program Files\JetBrains\IntelliJ IDEA 2023.3.4\bin;;."/>
    <property name="java.vm.info" value="mixed mode, sharing"/>
    <property name="stderr.encoding" value="Cp1252"/>
    <property name="java.vendor" value="Eclipse Adoptium"/>
    <property name="java.vm.version" value="21.0.4+7-LTS"/>
    <property name="sun.io.unicode.encoding" value="UnicodeLittle"/>
    <property name="java.class.version" value="65.0"/>
  </properties>
</testsuite>